{"C:\\Users\\Ane\\Documents\\react\\project-reat-native-firebase\\App.tsx": {"path":"C:\\Users\\Ane\\Documents\\react\\project-reat-native-firebase\\App.tsx","statementMap":{"0":{"start":{"line":5,"column":2},"end":{"line":10,"column":4}},"1":{"start":{"line":13,"column":15},"end":{"line":20,"column":2}}},"fnMap":{"0":{"name":"App","decl":{"start":{"line":4,"column":24},"end":{"line":4,"column":27}},"loc":{"start":{"line":4,"column":30},"end":{"line":11,"column":1}},"line":4}},"branchMap":{},"s":{"0":0,"1":0},"f":{"0":0},"b":{}}
,"C:\\Users\\Ane\\Documents\\react\\project-reat-native-firebase\\index.ts": {"path":"C:\\Users\\Ane\\Documents\\react\\project-reat-native-firebase\\index.ts","statementMap":{"0":{"start":{"line":8,"column":0},"end":{"line":8,"column":27}}},"fnMap":{},"branchMap":{},"s":{"0":0},"f":{},"b":{}}
,"C:\\Users\\Ane\\Documents\\react\\project-reat-native-firebase\\app\\_layout.tsx": {"path":"C:\\Users\\Ane\\Documents\\react\\project-reat-native-firebase\\app\\_layout.tsx","statementMap":{"0":{"start":{"line":6,"column":2},"end":{"line":9,"column":3}}},"fnMap":{"0":{"name":"_layout","decl":{"start":{"line":5,"column":24},"end":{"line":5,"column":31}},"loc":{"start":{"line":5,"column":34},"end":{"line":10,"column":1}},"line":5}},"branchMap":{},"s":{"0":0},"f":{"0":0},"b":{}}
,"C:\\Users\\Ane\\Documents\\react\\project-reat-native-firebase\\app\\index.tsx": {"path":"C:\\Users\\Ane\\Documents\\react\\project-reat-native-firebase\\app\\index.tsx","statementMap":{"0":{"start":{"line":17,"column":28},"end":{"line":17,"column":40}},"1":{"start":{"line":18,"column":34},"end":{"line":18,"column":46}},"2":{"start":{"line":21,"column":35},"end":{"line":21,"column":44}},"3":{"start":{"line":23,"column":17},"end":{"line":23,"column":28}},"4":{"start":{"line":25,"column":2},"end":{"line":25,"column":20}},"5":{"start":{"line":28,"column":2},"end":{"line":32,"column":12}},"6":{"start":{"line":29,"column":4},"end":{"line":31,"column":5}},"7":{"start":{"line":30,"column":6},"end":{"line":30,"column":40}},"8":{"start":{"line":34,"column":1},"end":{"line":40,"column":3}},"9":{"start":{"line":35,"column":4},"end":{"line":39,"column":6}},"10":{"start":{"line":42,"column":2},"end":{"line":77,"column":4}},"11":{"start":{"line":67,"column":12},"end":{"line":72,"column":13}},"12":{"start":{"line":68,"column":14},"end":{"line":68,"column":43}},"13":{"start":{"line":69,"column":14},"end":{"line":69,"column":45}},"14":{"start":{"line":71,"column":14},"end":{"line":71,"column":59}},"15":{"start":{"line":80,"column":15},"end":{"line":113,"column":2}}},"fnMap":{"0":{"name":"Index","decl":{"start":{"line":15,"column":24},"end":{"line":15,"column":29}},"loc":{"start":{"line":15,"column":32},"end":{"line":78,"column":1}},"line":15},"1":{"name":"(anonymous_1)","decl":{"start":{"line":28,"column":12},"end":{"line":28,"column":13}},"loc":{"start":{"line":28,"column":18},"end":{"line":32,"column":3}},"line":28},"2":{"name":"(anonymous_2)","decl":{"start":{"line":66,"column":19},"end":{"line":66,"column":20}},"loc":{"start":{"line":66,"column":31},"end":{"line":73,"column":11}},"line":66}},"branchMap":{"0":{"loc":{"start":{"line":29,"column":4},"end":{"line":31,"column":5}},"type":"if","locations":[{"start":{"line":29,"column":4},"end":{"line":31,"column":5}},{"start":{},"end":{}}],"line":29},"1":{"loc":{"start":{"line":34,"column":1},"end":{"line":40,"column":3}},"type":"if","locations":[{"start":{"line":34,"column":1},"end":{"line":40,"column":3}},{"start":{},"end":{}}],"line":34}},"s":{"0":3,"1":3,"2":3,"3":3,"4":3,"5":3,"6":1,"7":0,"8":3,"9":0,"10":3,"11":1,"12":1,"13":1,"14":1,"15":1},"f":{"0":3,"1":1,"2":1},"b":{"0":[0,1],"1":[0,3]},"_coverageSchema":"1a1c01bbd47fc00a2c39e90264f33305004495a9","hash":"e6d5e1257ee4527a2d300032ae6c000cbdf07076"}
,"C:\\Users\\Ane\\Documents\\react\\project-reat-native-firebase\\app\\lista\\_layout.tsx": {"path":"C:\\Users\\Ane\\Documents\\react\\project-reat-native-firebase\\app\\lista\\_layout.tsx","statementMap":{"0":{"start":{"line":7,"column":2},"end":{"line":21,"column":3}},"1":{"start":{"line":11,"column":25},"end":{"line":11,"column":35}}},"fnMap":{"0":{"name":"_layout","decl":{"start":{"line":6,"column":24},"end":{"line":6,"column":31}},"loc":{"start":{"line":6,"column":34},"end":{"line":22,"column":1}},"line":6},"1":{"name":"(anonymous_1)","decl":{"start":{"line":11,"column":19},"end":{"line":11,"column":20}},"loc":{"start":{"line":11,"column":25},"end":{"line":11,"column":35}},"line":11}},"branchMap":{},"s":{"0":0,"1":0},"f":{"0":0,"1":0},"b":{}}
,"C:\\Users\\Ane\\Documents\\react\\project-reat-native-firebase\\app\\lista\\listarPet.tsx": {"path":"C:\\Users\\Ane\\Documents\\react\\project-reat-native-firebase\\app\\lista\\listarPet.tsx","statementMap":{"0":{"start":{"line":20,"column":26},"end":{"line":20,"column":44}},"1":{"start":{"line":21,"column":26},"end":{"line":21,"column":44}},"2":{"start":{"line":22,"column":26},"end":{"line":22,"column":44}},"3":{"start":{"line":23,"column":19},"end":{"line":23,"column":28}},"4":{"start":{"line":26,"column":4},"end":{"line":26,"column":32}},"5":{"start":{"line":28,"column":2},"end":{"line":28,"column":70}},"6":{"start":{"line":30,"column":2},"end":{"line":87,"column":4}},"7":{"start":{"line":59,"column":12},"end":{"line":65,"column":13}},"8":{"start":{"line":60,"column":14},"end":{"line":60,"column":49}},"9":{"start":{"line":61,"column":14},"end":{"line":61,"column":28}},"10":{"start":{"line":63,"column":14},"end":{"line":63,"column":60}},"11":{"start":{"line":64,"column":14},"end":{"line":64,"column":65}},"12":{"start":{"line":72,"column":12},"end":{"line":82,"column":14}},"13":{"start":{"line":75,"column":16},"end":{"line":75,"column":39}},"14":{"start":{"line":76,"column":16},"end":{"line":76,"column":30}},"15":{"start":{"line":79,"column":16},"end":{"line":79,"column":52}},"16":{"start":{"line":80,"column":16},"end":{"line":80,"column":30}},"17":{"start":{"line":90,"column":15},"end":{"line":133,"column":2}}},"fnMap":{"0":{"name":"listarPet","decl":{"start":{"line":19,"column":24},"end":{"line":19,"column":33}},"loc":{"start":{"line":19,"column":36},"end":{"line":88,"column":1}},"line":19},"1":{"name":"(anonymous_1)","decl":{"start":{"line":58,"column":19},"end":{"line":58,"column":20}},"loc":{"start":{"line":58,"column":31},"end":{"line":66,"column":11}},"line":58},"2":{"name":"(anonymous_2)","decl":{"start":{"line":71,"column":22},"end":{"line":71,"column":23}},"loc":{"start":{"line":72,"column":12},"end":{"line":82,"column":14}},"line":72},"3":{"name":"(anonymous_3)","decl":{"start":{"line":74,"column":24},"end":{"line":74,"column":25}},"loc":{"start":{"line":74,"column":36},"end":{"line":77,"column":15}},"line":74},"4":{"name":"(anonymous_4)","decl":{"start":{"line":78,"column":24},"end":{"line":78,"column":25}},"loc":{"start":{"line":78,"column":53},"end":{"line":81,"column":15}},"line":78}},"branchMap":{},"s":{"0":0,"1":0,"2":0,"3":0,"4":0,"5":0,"6":0,"7":0,"8":0,"9":0,"10":0,"11":0,"12":0,"13":0,"14":0,"15":0,"16":0,"17":0},"f":{"0":0,"1":0,"2":0,"3":0,"4":0},"b":{}}
,"C:\\Users\\Ane\\Documents\\react\\project-reat-native-firebase\\firebase\\config\\firebaseConfig.example.ts": {"path":"C:\\Users\\Ane\\Documents\\react\\project-reat-native-firebase\\firebase\\config\\firebaseConfig.example.ts","statementMap":{"0":{"start":{"line":4,"column":40},"end":{"line":11,"column":1}}},"fnMap":{},"branchMap":{},"s":{"0":0},"f":{},"b":{}}
,"C:\\Users\\Ane\\Documents\\react\\project-reat-native-firebase\\firebase\\hooks\\useAuth.ts": {"path":"C:\\Users\\Ane\\Documents\\react\\project-reat-native-firebase\\firebase\\hooks\\useAuth.ts","statementMap":{"0":{"start":{"line":18,"column":19},"end":{"line":18,"column":32}},"1":{"start":{"line":19,"column":32},"end":{"line":19,"column":46}},"2":{"start":{"line":20,"column":26},"end":{"line":20,"column":53}},"3":{"start":{"line":27,"column":16},"end":{"line":37,"column":3}},"4":{"start":{"line":28,"column":4},"end":{"line":29,"column":74}},"5":{"start":{"line":29,"column":6},"end":{"line":29,"column":74}},"6":{"start":{"line":31,"column":4},"end":{"line":31,"column":21}},"7":{"start":{"line":32,"column":4},"end":{"line":36,"column":5}},"8":{"start":{"line":33,"column":6},"end":{"line":33,"column":62}},"9":{"start":{"line":35,"column":6},"end":{"line":35,"column":24}},"10":{"start":{"line":42,"column":17},"end":{"line":47,"column":3}},"11":{"start":{"line":43,"column":4},"end":{"line":44,"column":74}},"12":{"start":{"line":44,"column":6},"end":{"line":44,"column":74}},"13":{"start":{"line":46,"column":4},"end":{"line":46,"column":24}},"14":{"start":{"line":54,"column":23},"end":{"line":59,"column":3}},"15":{"start":{"line":55,"column":4},"end":{"line":56,"column":74}},"16":{"start":{"line":56,"column":6},"end":{"line":56,"column":74}},"17":{"start":{"line":58,"column":4},"end":{"line":58,"column":64}},"18":{"start":{"line":61,"column":2},"end":{"line":72,"column":13}},"19":{"start":{"line":62,"column":4},"end":{"line":71,"column":5}},"20":{"start":{"line":63,"column":6},"end":{"line":70,"column":9}},"21":{"start":{"line":64,"column":8},"end":{"line":68,"column":9}},"22":{"start":{"line":65,"column":10},"end":{"line":65,"column":24}},"23":{"start":{"line":67,"column":10},"end":{"line":67,"column":24}},"24":{"start":{"line":69,"column":8},"end":{"line":69,"column":26}},"25":{"start":{"line":74,"column":2},"end":{"line":74,"column":56}}},"fnMap":{"0":{"name":"useAuth","decl":{"start":{"line":17,"column":24},"end":{"line":17,"column":31}},"loc":{"start":{"line":17,"column":34},"end":{"line":75,"column":1}},"line":17},"1":{"name":"(anonymous_1)","decl":{"start":{"line":27,"column":16},"end":{"line":27,"column":17}},"loc":{"start":{"line":27,"column":59},"end":{"line":37,"column":3}},"line":27},"2":{"name":"(anonymous_2)","decl":{"start":{"line":42,"column":17},"end":{"line":42,"column":18}},"loc":{"start":{"line":42,"column":29},"end":{"line":47,"column":3}},"line":42},"3":{"name":"(anonymous_3)","decl":{"start":{"line":54,"column":23},"end":{"line":54,"column":24}},"loc":{"start":{"line":54,"column":66},"end":{"line":59,"column":3}},"line":54},"4":{"name":"(anonymous_4)","decl":{"start":{"line":61,"column":12},"end":{"line":61,"column":13}},"loc":{"start":{"line":61,"column":18},"end":{"line":72,"column":3}},"line":61},"5":{"name":"(anonymous_5)","decl":{"start":{"line":63,"column":31},"end":{"line":63,"column":32}},"loc":{"start":{"line":63,"column":41},"end":{"line":70,"column":7}},"line":63}},"branchMap":{"0":{"loc":{"start":{"line":28,"column":4},"end":{"line":29,"column":74}},"type":"if","locations":[{"start":{"line":28,"column":4},"end":{"line":29,"column":74}},{"start":{},"end":{}}],"line":28},"1":{"loc":{"start":{"line":43,"column":4},"end":{"line":44,"column":74}},"type":"if","locations":[{"start":{"line":43,"column":4},"end":{"line":44,"column":74}},{"start":{},"end":{}}],"line":43},"2":{"loc":{"start":{"line":55,"column":4},"end":{"line":56,"column":74}},"type":"if","locations":[{"start":{"line":55,"column":4},"end":{"line":56,"column":74}},{"start":{},"end":{}}],"line":55},"3":{"loc":{"start":{"line":62,"column":4},"end":{"line":71,"column":5}},"type":"if","locations":[{"start":{"line":62,"column":4},"end":{"line":71,"column":5}},{"start":{},"end":{}}],"line":62},"4":{"loc":{"start":{"line":64,"column":8},"end":{"line":68,"column":9}},"type":"if","locations":[{"start":{"line":64,"column":8},"end":{"line":68,"column":9}},{"start":{"line":66,"column":15},"end":{"line":68,"column":9}}],"line":64}},"s":{"0":0,"1":0,"2":0,"3":0,"4":0,"5":0,"6":0,"7":0,"8":0,"9":0,"10":0,"11":0,"12":0,"13":0,"14":0,"15":0,"16":0,"17":0,"18":0,"19":0,"20":0,"21":0,"22":0,"23":0,"24":0,"25":0},"f":{"0":0,"1":0,"2":0,"3":0,"4":0,"5":0},"b":{"0":[0,0],"1":[0,0],"2":[0,0],"3":[0,0],"4":[0,0]}}
,"C:\\Users\\Ane\\Documents\\react\\project-reat-native-firebase\\firebase\\hooks\\useCollection.ts": {"path":"C:\\Users\\Ane\\Documents\\react\\project-reat-native-firebase\\firebase\\hooks\\useCollection.ts","statementMap":{"0":{"start":{"line":24,"column":2},"end":{"line":24,"column":16}},"1":{"start":{"line":26,"column":13},"end":{"line":26,"column":27}},"2":{"start":{"line":27,"column":32},"end":{"line":27,"column":46}},"3":{"start":{"line":28,"column":26},"end":{"line":28,"column":48}},"4":{"start":{"line":35,"column":17},"end":{"line":38,"column":3}},"5":{"start":{"line":36,"column":19},"end":{"line":36,"column":71}},"6":{"start":{"line":37,"column":4},"end":{"line":37,"column":21}},"7":{"start":{"line":44,"column":17},"end":{"line":46,"column":3}},"8":{"start":{"line":45,"column":4},"end":{"line":45,"column":49}},"9":{"start":{"line":53,"column":17},"end":{"line":56,"column":3}},"10":{"start":{"line":54,"column":4},"end":{"line":54,"column":36}},"11":{"start":{"line":54,"column":19},"end":{"line":54,"column":36}},"12":{"start":{"line":55,"column":4},"end":{"line":55,"column":57}},"13":{"start":{"line":62,"column":14},"end":{"line":72,"column":3}},"14":{"start":{"line":63,"column":4},"end":{"line":63,"column":21}},"15":{"start":{"line":64,"column":26},"end":{"line":64,"column":71}},"16":{"start":{"line":65,"column":22},"end":{"line":68,"column":6}},"17":{"start":{"line":66,"column":19},"end":{"line":66,"column":34}},"18":{"start":{"line":67,"column":6},"end":{"line":67,"column":37}},"19":{"start":{"line":69,"column":4},"end":{"line":69,"column":23}},"20":{"start":{"line":70,"column":4},"end":{"line":70,"column":22}},"21":{"start":{"line":71,"column":4},"end":{"line":71,"column":21}},"22":{"start":{"line":78,"column":16},"end":{"line":84,"column":3}},"23":{"start":{"line":79,"column":4},"end":{"line":79,"column":21}},"24":{"start":{"line":80,"column":21},"end":{"line":80,"column":77}},"25":{"start":{"line":81,"column":18},"end":{"line":81,"column":39}},"26":{"start":{"line":82,"column":4},"end":{"line":82,"column":22}},"27":{"start":{"line":83,"column":4},"end":{"line":83,"column":17}},"28":{"start":{"line":89,"column":22},"end":{"line":91,"column":3}},"29":{"start":{"line":90,"column":4},"end":{"line":90,"column":10}},"30":{"start":{"line":94,"column":2},"end":{"line":97,"column":9}},"31":{"start":{"line":95,"column":4},"end":{"line":95,"column":24}},"32":{"start":{"line":95,"column":18},"end":{"line":95,"column":24}},"33":{"start":{"line":99,"column":2},"end":{"line":99,"column":76}}},"fnMap":{"0":{"name":"useCollection","decl":{"start":{"line":20,"column":24},"end":{"line":20,"column":37}},"loc":{"start":{"line":23,"column":2},"end":{"line":100,"column":1}},"line":23},"1":{"name":"(anonymous_1)","decl":{"start":{"line":35,"column":17},"end":{"line":35,"column":18}},"loc":{"start":{"line":35,"column":38},"end":{"line":38,"column":3}},"line":35},"2":{"name":"(anonymous_2)","decl":{"start":{"line":44,"column":17},"end":{"line":44,"column":18}},"loc":{"start":{"line":44,"column":39},"end":{"line":46,"column":3}},"line":44},"3":{"name":"(anonymous_3)","decl":{"start":{"line":53,"column":17},"end":{"line":53,"column":18}},"loc":{"start":{"line":53,"column":50},"end":{"line":56,"column":3}},"line":53},"4":{"name":"(anonymous_4)","decl":{"start":{"line":62,"column":14},"end":{"line":62,"column":15}},"loc":{"start":{"line":62,"column":26},"end":{"line":72,"column":3}},"line":62},"5":{"name":"(anonymous_5)","decl":{"start":{"line":65,"column":45},"end":{"line":65,"column":46}},"loc":{"start":{"line":65,"column":54},"end":{"line":68,"column":5}},"line":65},"6":{"name":"(anonymous_6)","decl":{"start":{"line":78,"column":16},"end":{"line":78,"column":17}},"loc":{"start":{"line":78,"column":28},"end":{"line":84,"column":3}},"line":78},"7":{"name":"(anonymous_7)","decl":{"start":{"line":89,"column":22},"end":{"line":89,"column":23}},"loc":{"start":{"line":89,"column":28},"end":{"line":91,"column":3}},"line":89},"8":{"name":"(anonymous_8)","decl":{"start":{"line":94,"column":12},"end":{"line":94,"column":13}},"loc":{"start":{"line":94,"column":18},"end":{"line":97,"column":3}},"line":94}},"branchMap":{"0":{"loc":{"start":{"line":22,"column":2},"end":{"line":22,"column":17}},"type":"default-arg","locations":[{"start":{"line":22,"column":13},"end":{"line":22,"column":17}}],"line":22},"1":{"loc":{"start":{"line":54,"column":4},"end":{"line":54,"column":36}},"type":"if","locations":[{"start":{"line":54,"column":4},"end":{"line":54,"column":36}},{"start":{},"end":{}}],"line":54},"2":{"loc":{"start":{"line":95,"column":4},"end":{"line":95,"column":24}},"type":"if","locations":[{"start":{"line":95,"column":4},"end":{"line":95,"column":24}},{"start":{},"end":{}}],"line":95}},"s":{"0":0,"1":0,"2":0,"3":0,"4":0,"5":0,"6":0,"7":0,"8":0,"9":0,"10":0,"11":0,"12":0,"13":0,"14":0,"15":0,"16":0,"17":0,"18":0,"19":0,"20":0,"21":0,"22":0,"23":0,"24":0,"25":0,"26":0,"27":0,"28":0,"29":0,"30":0,"31":0,"32":0,"33":0},"f":{"0":0,"1":0,"2":0,"3":0,"4":0,"5":0,"6":0,"7":0,"8":0},"b":{"0":[0],"1":[0,0],"2":[0,0]}}
,"C:\\Users\\Ane\\Documents\\react\\project-reat-native-firebase\\firebase\\hooks\\useDocument.ts": {"path":"C:\\Users\\Ane\\Documents\\react\\project-reat-native-firebase\\firebase\\hooks\\useDocument.ts","statementMap":{"0":{"start":{"line":27,"column":2},"end":{"line":27,"column":16}},"1":{"start":{"line":29,"column":13},"end":{"line":29,"column":27}},"2":{"start":{"line":30,"column":32},"end":{"line":30,"column":46}},"3":{"start":{"line":31,"column":26},"end":{"line":31,"column":39}},"4":{"start":{"line":33,"column":17},"end":{"line":33,"column":44}},"5":{"start":{"line":40,"column":17},"end":{"line":43,"column":3}},"6":{"start":{"line":41,"column":4},"end":{"line":41,"column":33}},"7":{"start":{"line":42,"column":4},"end":{"line":42,"column":21}},"8":{"start":{"line":49,"column":18},"end":{"line":56,"column":3}},"9":{"start":{"line":50,"column":4},"end":{"line":50,"column":21}},"10":{"start":{"line":51,"column":20},"end":{"line":51,"column":40}},"11":{"start":{"line":52,"column":17},"end":{"line":52,"column":36}},"12":{"start":{"line":53,"column":4},"end":{"line":53,"column":41}},"13":{"start":{"line":54,"column":4},"end":{"line":54,"column":22}},"14":{"start":{"line":55,"column":4},"end":{"line":55,"column":39}},"15":{"start":{"line":59,"column":2},"end":{"line":71,"column":9}},"16":{"start":{"line":60,"column":4},"end":{"line":60,"column":14}},"17":{"start":{"line":62,"column":18},"end":{"line":67,"column":16}},"18":{"start":{"line":64,"column":23},"end":{"line":64,"column":42}},"19":{"start":{"line":65,"column":10},"end":{"line":65,"column":47}},"20":{"start":{"line":69,"column":4},"end":{"line":69,"column":17}},"21":{"start":{"line":73,"column":2},"end":{"line":73,"column":44}}},"fnMap":{"0":{"name":"useDocument","decl":{"start":{"line":22,"column":24},"end":{"line":22,"column":35}},"loc":{"start":{"line":26,"column":2},"end":{"line":74,"column":1}},"line":26},"1":{"name":"(anonymous_1)","decl":{"start":{"line":40,"column":17},"end":{"line":40,"column":18}},"loc":{"start":{"line":40,"column":38},"end":{"line":43,"column":3}},"line":40},"2":{"name":"(anonymous_2)","decl":{"start":{"line":49,"column":18},"end":{"line":49,"column":19}},"loc":{"start":{"line":49,"column":30},"end":{"line":56,"column":3}},"line":49},"3":{"name":"(anonymous_3)","decl":{"start":{"line":59,"column":12},"end":{"line":59,"column":13}},"loc":{"start":{"line":59,"column":18},"end":{"line":71,"column":3}},"line":59},"4":{"name":"(anonymous_4)","decl":{"start":{"line":63,"column":27},"end":{"line":63,"column":28}},"loc":{"start":{"line":63,"column":40},"end":{"line":66,"column":9}},"line":63},"5":{"name":"(anonymous_5)","decl":{"start":{"line":67,"column":8},"end":{"line":67,"column":9}},"loc":{"start":{"line":67,"column":14},"end":{"line":67,"column":16}},"line":67}},"branchMap":{"0":{"loc":{"start":{"line":25,"column":2},"end":{"line":25,"column":26}},"type":"default-arg","locations":[{"start":{"line":25,"column":22},"end":{"line":25,"column":26}}],"line":25},"1":{"loc":{"start":{"line":62,"column":18},"end":{"line":67,"column":16}},"type":"cond-expr","locations":[{"start":{"line":63,"column":8},"end":{"line":66,"column":10}},{"start":{"line":67,"column":8},"end":{"line":67,"column":16}}],"line":62}},"s":{"0":0,"1":0,"2":0,"3":0,"4":0,"5":0,"6":0,"7":0,"8":0,"9":0,"10":0,"11":0,"12":0,"13":0,"14":0,"15":0,"16":0,"17":0,"18":0,"19":0,"20":0,"21":0},"f":{"0":0,"1":0,"2":0,"3":0,"4":0,"5":0},"b":{"0":[0],"1":[0,0]}}
,"C:\\Users\\Ane\\Documents\\react\\project-reat-native-firebase\\firebase\\hooks\\useFirebase.ts": {"path":"C:\\Users\\Ane\\Documents\\react\\project-reat-native-firebase\\firebase\\hooks\\useFirebase.ts","statementMap":{"0":{"start":{"line":10,"column":34},"end":{"line":11,"column":28}},"1":{"start":{"line":13,"column":20},"end":{"line":32,"column":1}},"2":{"start":{"line":14,"column":41},"end":{"line":14,"column":59}},"3":{"start":{"line":16,"column":2},"end":{"line":26,"column":9}},"4":{"start":{"line":17,"column":4},"end":{"line":25,"column":5}},"5":{"start":{"line":18,"column":18},"end":{"line":18,"column":47}},"6":{"start":{"line":19,"column":6},"end":{"line":19,"column":18}},"7":{"start":{"line":21,"column":19},"end":{"line":23,"column":8}},"8":{"start":{"line":24,"column":6},"end":{"line":24,"column":20}},"9":{"start":{"line":28,"column":2},"end":{"line":31,"column":4}}},"fnMap":{"0":{"name":"(anonymous_0)","decl":{"start":{"line":13,"column":20},"end":{"line":13,"column":21}},"loc":{"start":{"line":13,"column":26},"end":{"line":32,"column":1}},"line":13},"1":{"name":"(anonymous_1)","decl":{"start":{"line":16,"column":12},"end":{"line":16,"column":13}},"loc":{"start":{"line":16,"column":18},"end":{"line":26,"column":3}},"line":16}},"branchMap":{"0":{"loc":{"start":{"line":17,"column":4},"end":{"line":25,"column":5}},"type":"if","locations":[{"start":{"line":17,"column":4},"end":{"line":25,"column":5}},{"start":{},"end":{}}],"line":17},"1":{"loc":{"start":{"line":17,"column":8},"end":{"line":17,"column":38}},"type":"binary-expr","locations":[{"start":{"line":17,"column":8},"end":{"line":17,"column":12}},{"start":{"line":17,"column":16},"end":{"line":17,"column":38}}],"line":17}},"s":{"0":0,"1":0,"2":0,"3":0,"4":0,"5":0,"6":0,"7":0,"8":0,"9":0},"f":{"0":0,"1":0},"b":{"0":[0,0],"1":[0,0]}}
,"C:\\Users\\Ane\\Documents\\react\\project-reat-native-firebase\\firebase\\store\\useFirebaseStore.ts": {"path":"C:\\Users\\Ane\\Documents\\react\\project-reat-native-firebase\\firebase\\store\\useFirebaseStore.ts","statementMap":{"0":{"start":{"line":14,"column":25},"end":{"line":19,"column":3}},"1":{"start":{"line":14,"column":64},"end":{"line":19,"column":1}},"2":{"start":{"line":17,"column":39},"end":{"line":17,"column":59}},"3":{"start":{"line":17,"column":50},"end":{"line":17,"column":57}},"4":{"start":{"line":18,"column":34},"end":{"line":18,"column":55}},"5":{"start":{"line":18,"column":45},"end":{"line":18,"column":53}}},"fnMap":{"0":{"name":"(anonymous_0)","decl":{"start":{"line":14,"column":54},"end":{"line":14,"column":55}},"loc":{"start":{"line":14,"column":64},"end":{"line":19,"column":1}},"line":14},"1":{"name":"(anonymous_1)","decl":{"start":{"line":17,"column":10},"end":{"line":17,"column":11}},"loc":{"start":{"line":17,"column":39},"end":{"line":17,"column":59}},"line":17},"2":{"name":"(anonymous_2)","decl":{"start":{"line":17,"column":43},"end":{"line":17,"column":44}},"loc":{"start":{"line":17,"column":50},"end":{"line":17,"column":57}},"line":17},"3":{"name":"(anonymous_3)","decl":{"start":{"line":18,"column":11},"end":{"line":18,"column":12}},"loc":{"start":{"line":18,"column":34},"end":{"line":18,"column":55}},"line":18},"4":{"name":"(anonymous_4)","decl":{"start":{"line":18,"column":38},"end":{"line":18,"column":39}},"loc":{"start":{"line":18,"column":45},"end":{"line":18,"column":53}},"line":18}},"branchMap":{},"s":{"0":0,"1":0,"2":0,"3":0,"4":0,"5":0},"f":{"0":0,"1":0,"2":0,"3":0,"4":0},"b":{}}
,"C:\\Users\\Ane\\Documents\\react\\project-reat-native-firebase\\src\\components\\Button.tsx": {"path":"C:\\Users\\Ane\\Documents\\react\\project-reat-native-firebase\\src\\components\\Button.tsx","statementMap":{"0":{"start":{"line":16,"column":4},"end":{"line":20,"column":6}},"1":{"start":{"line":23,"column":17},"end":{"line":40,"column":4}}},"fnMap":{"0":{"name":"Button","decl":{"start":{"line":15,"column":26},"end":{"line":15,"column":32}},"loc":{"start":{"line":15,"column":62},"end":{"line":21,"column":3}},"line":15}},"branchMap":{},"s":{"0":3,"1":1},"f":{"0":3},"b":{},"_coverageSchema":"1a1c01bbd47fc00a2c39e90264f33305004495a9","hash":"e5e8a51e265b102745114b62650f1a42fd76cb09"}
,"C:\\Users\\Ane\\Documents\\react\\project-reat-native-firebase\\src\\components\\ButtonDelete.tsx": {"path":"C:\\Users\\Ane\\Documents\\react\\project-reat-native-firebase\\src\\components\\ButtonDelete.tsx","statementMap":{"0":{"start":{"line":16,"column":4},"end":{"line":20,"column":6}},"1":{"start":{"line":23,"column":17},"end":{"line":40,"column":4}}},"fnMap":{"0":{"name":"ButtonDelete","decl":{"start":{"line":15,"column":26},"end":{"line":15,"column":38}},"loc":{"start":{"line":15,"column":68},"end":{"line":21,"column":3}},"line":15}},"branchMap":{},"s":{"0":0,"1":0},"f":{"0":0},"b":{}}
,"C:\\Users\\Ane\\Documents\\react\\project-reat-native-firebase\\src\\components\\ListaPets.tsx": {"path":"C:\\Users\\Ane\\Documents\\react\\project-reat-native-firebase\\src\\components\\ListaPets.tsx","statementMap":{"0":{"start":{"line":26,"column":42},"end":{"line":26,"column":57}},"1":{"start":{"line":27,"column":29},"end":{"line":27,"column":48}},"2":{"start":{"line":28,"column":29},"end":{"line":28,"column":48}},"3":{"start":{"line":29,"column":29},"end":{"line":29,"column":48}},"4":{"start":{"line":31,"column":21},"end":{"line":41,"column":3}},"5":{"start":{"line":32,"column":24},"end":{"line":37,"column":5}},"6":{"start":{"line":39,"column":4},"end":{"line":39,"column":32}},"7":{"start":{"line":40,"column":4},"end":{"line":40,"column":27}},"8":{"start":{"line":43,"column":2},"end":{"line":107,"column":4}},"9":{"start":{"line":56,"column":30},"end":{"line":56,"column":52}},"10":{"start":{"line":81,"column":29},"end":{"line":81,"column":51}},"11":{"start":{"line":91,"column":23},"end":{"line":91,"column":44}},"12":{"start":{"line":99,"column":10},"end":{"line":102,"column":13}},"13":{"start":{"line":101,"column":46},"end":{"line":101,"column":56}},"14":{"start":{"line":110,"column":15},"end":{"line":171,"column":2}}},"fnMap":{"0":{"name":"ListaPets","decl":{"start":{"line":25,"column":24},"end":{"line":25,"column":33}},"loc":{"start":{"line":25,"column":76},"end":{"line":108,"column":1}},"line":25},"1":{"name":"(anonymous_1)","decl":{"start":{"line":31,"column":21},"end":{"line":31,"column":22}},"loc":{"start":{"line":31,"column":33},"end":{"line":41,"column":3}},"line":31},"2":{"name":"(anonymous_2)","decl":{"start":{"line":56,"column":24},"end":{"line":56,"column":25}},"loc":{"start":{"line":56,"column":30},"end":{"line":56,"column":52}},"line":56},"3":{"name":"(anonymous_3)","decl":{"start":{"line":81,"column":23},"end":{"line":81,"column":24}},"loc":{"start":{"line":81,"column":29},"end":{"line":81,"column":51}},"line":81},"4":{"name":"(anonymous_4)","decl":{"start":{"line":91,"column":17},"end":{"line":91,"column":18}},"loc":{"start":{"line":91,"column":23},"end":{"line":91,"column":44}},"line":91},"5":{"name":"(anonymous_5)","decl":{"start":{"line":98,"column":17},"end":{"line":98,"column":18}},"loc":{"start":{"line":98,"column":23},"end":{"line":103,"column":9}},"line":98},"6":{"name":"(anonymous_6)","decl":{"start":{"line":101,"column":40},"end":{"line":101,"column":41}},"loc":{"start":{"line":101,"column":46},"end":{"line":101,"column":56}},"line":101}},"branchMap":{},"s":{"0":0,"1":0,"2":0,"3":0,"4":0,"5":0,"6":0,"7":0,"8":0,"9":0,"10":0,"11":0,"12":0,"13":0,"14":0},"f":{"0":0,"1":0,"2":0,"3":0,"4":0,"5":0,"6":0},"b":{}}
,"C:\\Users\\Ane\\Documents\\react\\project-reat-native-firebase\\src\\components\\Logout.tsx": {"path":"C:\\Users\\Ane\\Documents\\react\\project-reat-native-firebase\\src\\components\\Logout.tsx","statementMap":{"0":{"start":{"line":11,"column":17},"end":{"line":11,"column":28}},"1":{"start":{"line":12,"column":27},"end":{"line":12,"column":36}},"2":{"start":{"line":14,"column":2},"end":{"line":27,"column":4}},"3":{"start":{"line":18,"column":10},"end":{"line":23,"column":11}},"4":{"start":{"line":19,"column":12},"end":{"line":19,"column":27}},"5":{"start":{"line":20,"column":12},"end":{"line":20,"column":32}},"6":{"start":{"line":22,"column":12},"end":{"line":22,"column":58}}},"fnMap":{"0":{"name":"Logout","decl":{"start":{"line":8,"column":24},"end":{"line":8,"column":30}},"loc":{"start":{"line":8,"column":33},"end":{"line":28,"column":1}},"line":8},"1":{"name":"(anonymous_1)","decl":{"start":{"line":17,"column":17},"end":{"line":17,"column":18}},"loc":{"start":{"line":17,"column":29},"end":{"line":24,"column":9}},"line":17}},"branchMap":{},"s":{"0":0,"1":0,"2":0,"3":0,"4":0,"5":0,"6":0},"f":{"0":0,"1":0},"b":{}}
,"C:\\Users\\Ane\\Documents\\react\\project-reat-native-firebase\\src\\components\\NewPets.tsx": {"path":"C:\\Users\\Ane\\Documents\\react\\project-reat-native-firebase\\src\\components\\NewPets.tsx","statementMap":{},"fnMap":{},"branchMap":{},"s":{},"f":{},"b":{}}
,"C:\\Users\\Ane\\Documents\\react\\project-reat-native-firebase\\types\\pet.ts": {"path":"C:\\Users\\Ane\\Documents\\react\\project-reat-native-firebase\\types\\pet.ts","statementMap":{},"fnMap":{},"branchMap":{},"s":{},"f":{},"b":{}}
}
