TN:
SF:App.tsx
FN:4,App
FNF:1
FNH:0
FNDA:0,App
DA:5,0
DA:13,0
LF:2
LH:0
BRF:0
BRH:0
end_of_record
TN:
SF:index.ts
FNF:0
FNH:0
DA:8,0
LF:1
LH:0
BRF:0
BRH:0
end_of_record
TN:
SF:app\_layout.tsx
FN:5,_layout
FNF:1
FNH:0
FNDA:0,_layout
DA:6,0
LF:1
LH:0
BRF:0
BRH:0
end_of_record
TN:
SF:app\index.tsx
FN:15,Index
FN:28,(anonymous_1)
FN:66,(anonymous_2)
FNF:3
FNH:3
FNDA:3,Index
FNDA:1,(anonymous_1)
FNDA:1,(anonymous_2)
DA:17,3
DA:18,3
DA:21,3
DA:23,3
DA:25,3
DA:28,3
DA:29,1
DA:30,0
DA:34,3
DA:35,0
DA:42,3
DA:67,1
DA:68,1
DA:69,1
DA:71,1
DA:80,1
LF:16
LH:14
BRDA:29,0,0,0
BRDA:29,0,1,1
BRDA:34,1,0,0
BRDA:34,1,1,3
BRF:4
BRH:2
end_of_record
TN:
SF:app\lista\_layout.tsx
FN:6,_layout
FN:11,(anonymous_1)
FNF:2
FNH:0
FNDA:0,_layout
FNDA:0,(anonymous_1)
DA:7,0
DA:11,0
LF:2
LH:0
BRF:0
BRH:0
end_of_record
TN:
SF:app\lista\listarPet.tsx
FN:19,listarPet
FN:58,(anonymous_1)
FN:71,(anonymous_2)
FN:74,(anonymous_3)
FN:78,(anonymous_4)
FNF:5
FNH:0
FNDA:0,listarPet
FNDA:0,(anonymous_1)
FNDA:0,(anonymous_2)
FNDA:0,(anonymous_3)
FNDA:0,(anonymous_4)
DA:20,0
DA:21,0
DA:22,0
DA:23,0
DA:26,0
DA:28,0
DA:30,0
DA:59,0
DA:60,0
DA:61,0
DA:63,0
DA:64,0
DA:72,0
DA:75,0
DA:76,0
DA:79,0
DA:80,0
DA:90,0
LF:18
LH:0
BRF:0
BRH:0
end_of_record
TN:
SF:firebase\config\firebaseConfig.example.ts
FNF:0
FNH:0
DA:4,0
LF:1
LH:0
BRF:0
BRH:0
end_of_record
TN:
SF:firebase\hooks\useAuth.ts
FN:17,useAuth
FN:27,(anonymous_1)
FN:42,(anonymous_2)
FN:54,(anonymous_3)
FN:61,(anonymous_4)
FN:63,(anonymous_5)
FNF:6
FNH:0
FNDA:0,useAuth
FNDA:0,(anonymous_1)
FNDA:0,(anonymous_2)
FNDA:0,(anonymous_3)
FNDA:0,(anonymous_4)
FNDA:0,(anonymous_5)
DA:18,0
DA:19,0
DA:20,0
DA:27,0
DA:28,0
DA:29,0
DA:31,0
DA:32,0
DA:33,0
DA:35,0
DA:42,0
DA:43,0
DA:44,0
DA:46,0
DA:54,0
DA:55,0
DA:56,0
DA:58,0
DA:61,0
DA:62,0
DA:63,0
DA:64,0
DA:65,0
DA:67,0
DA:69,0
DA:74,0
LF:26
LH:0
BRDA:28,0,0,0
BRDA:28,0,1,0
BRDA:43,1,0,0
BRDA:43,1,1,0
BRDA:55,2,0,0
BRDA:55,2,1,0
BRDA:62,3,0,0
BRDA:62,3,1,0
BRDA:64,4,0,0
BRDA:64,4,1,0
BRF:10
BRH:0
end_of_record
TN:
SF:firebase\hooks\useCollection.ts
FN:20,useCollection
FN:35,(anonymous_1)
FN:44,(anonymous_2)
FN:53,(anonymous_3)
FN:62,(anonymous_4)
FN:65,(anonymous_5)
FN:78,(anonymous_6)
FN:89,(anonymous_7)
FN:94,(anonymous_8)
FNF:9
FNH:0
FNDA:0,useCollection
FNDA:0,(anonymous_1)
FNDA:0,(anonymous_2)
FNDA:0,(anonymous_3)
FNDA:0,(anonymous_4)
FNDA:0,(anonymous_5)
FNDA:0,(anonymous_6)
FNDA:0,(anonymous_7)
FNDA:0,(anonymous_8)
DA:24,0
DA:26,0
DA:27,0
DA:28,0
DA:35,0
DA:36,0
DA:37,0
DA:44,0
DA:45,0
DA:53,0
DA:54,0
DA:55,0
DA:62,0
DA:63,0
DA:64,0
DA:65,0
DA:66,0
DA:67,0
DA:69,0
DA:70,0
DA:71,0
DA:78,0
DA:79,0
DA:80,0
DA:81,0
DA:82,0
DA:83,0
DA:89,0
DA:90,0
DA:94,0
DA:95,0
DA:99,0
LF:32
LH:0
BRDA:22,0,0,0
BRDA:54,1,0,0
BRDA:54,1,1,0
BRDA:95,2,0,0
BRDA:95,2,1,0
BRF:5
BRH:0
end_of_record
TN:
SF:firebase\hooks\useDocument.ts
FN:22,useDocument
FN:40,(anonymous_1)
FN:49,(anonymous_2)
FN:59,(anonymous_3)
FN:63,(anonymous_4)
FN:67,(anonymous_5)
FNF:6
FNH:0
FNDA:0,useDocument
FNDA:0,(anonymous_1)
FNDA:0,(anonymous_2)
FNDA:0,(anonymous_3)
FNDA:0,(anonymous_4)
FNDA:0,(anonymous_5)
DA:27,0
DA:29,0
DA:30,0
DA:31,0
DA:33,0
DA:40,0
DA:41,0
DA:42,0
DA:49,0
DA:50,0
DA:51,0
DA:52,0
DA:53,0
DA:54,0
DA:55,0
DA:59,0
DA:60,0
DA:62,0
DA:64,0
DA:65,0
DA:69,0
DA:73,0
LF:22
LH:0
BRDA:25,0,0,0
BRDA:62,1,0,0
BRDA:62,1,1,0
BRF:3
BRH:0
end_of_record
TN:
SF:firebase\hooks\useFirebase.ts
FN:13,(anonymous_0)
FN:16,(anonymous_1)
FNF:2
FNH:0
FNDA:0,(anonymous_0)
FNDA:0,(anonymous_1)
DA:10,0
DA:13,0
DA:14,0
DA:16,0
DA:17,0
DA:18,0
DA:19,0
DA:21,0
DA:24,0
DA:28,0
LF:10
LH:0
BRDA:17,0,0,0
BRDA:17,0,1,0
BRDA:17,1,0,0
BRDA:17,1,1,0
BRF:4
BRH:0
end_of_record
TN:
SF:firebase\store\useFirebaseStore.ts
FN:14,(anonymous_0)
FN:17,(anonymous_1)
FN:17,(anonymous_2)
FN:18,(anonymous_3)
FN:18,(anonymous_4)
FNF:5
FNH:0
FNDA:0,(anonymous_0)
FNDA:0,(anonymous_1)
FNDA:0,(anonymous_2)
FNDA:0,(anonymous_3)
FNDA:0,(anonymous_4)
DA:14,0
DA:17,0
DA:18,0
LF:3
LH:0
BRF:0
BRH:0
end_of_record
TN:
SF:src\components\Button.tsx
FN:15,Button
FNF:1
FNH:1
FNDA:3,Button
DA:16,3
DA:23,1
LF:2
LH:2
BRF:0
BRH:0
end_of_record
TN:
SF:src\components\ButtonDelete.tsx
FN:15,ButtonDelete
FNF:1
FNH:0
FNDA:0,ButtonDelete
DA:16,0
DA:23,0
LF:2
LH:0
BRF:0
BRH:0
end_of_record
TN:
SF:src\components\ListaPets.tsx
FN:25,ListaPets
FN:31,(anonymous_1)
FN:56,(anonymous_2)
FN:81,(anonymous_3)
FN:91,(anonymous_4)
FN:98,(anonymous_5)
FN:101,(anonymous_6)
FNF:7
FNH:0
FNDA:0,ListaPets
FNDA:0,(anonymous_1)
FNDA:0,(anonymous_2)
FNDA:0,(anonymous_3)
FNDA:0,(anonymous_4)
FNDA:0,(anonymous_5)
FNDA:0,(anonymous_6)
DA:26,0
DA:27,0
DA:28,0
DA:29,0
DA:31,0
DA:32,0
DA:39,0
DA:40,0
DA:43,0
DA:56,0
DA:81,0
DA:91,0
DA:99,0
DA:101,0
DA:110,0
LF:15
LH:0
BRF:0
BRH:0
end_of_record
TN:
SF:src\components\Logout.tsx
FN:8,Logout
FN:17,(anonymous_1)
FNF:2
FNH:0
FNDA:0,Logout
FNDA:0,(anonymous_1)
DA:11,0
DA:12,0
DA:14,0
DA:18,0
DA:19,0
DA:20,0
DA:22,0
LF:7
LH:0
BRF:0
BRH:0
end_of_record
TN:
SF:src\components\NewPets.tsx
FNF:0
FNH:0
LF:0
LH:0
BRF:0
BRH:0
end_of_record
TN:
SF:types\pet.ts
FNF:0
FNH:0
LF:0
LH:0
BRF:0
BRH:0
end_of_record
